<?xml version="1.0" encoding="UTF-8"?>
<!-- Generated by org.testng.reporters.JUnitReportReporter -->
<testsuite skipped="0" hostname="DESKTOP-KSODPJ4" name="Selenium_test.Selenium_tests.TriangleGridTestsNG" tests="5" failures="0" timestamp="2022-06-12T12:04:49 GMT+07:00" time="123.227" errors="0">
  <testcase name="testn_2" time="29.789" classname="Selenium_test.Selenium_tests.TriangleGridTestsNG"/>
  <system-out/>
  <testcase name="testn_4" time="8.262" classname="Selenium_test.Selenium_tests.TriangleGridTestsNG"/>
  <system-out/>
  <testcase name="testn_1" time="30.248" classname="Selenium_test.Selenium_tests.TriangleGridTestsNG"/>
  <system-out/>
  <testcase name="testn_3" time="23.575" classname="Selenium_test.Selenium_tests.TriangleGridTestsNG"/>
  <system-out/>
  <testcase name="testn_1_1" time="31.353" classname="Selenium_test.Selenium_tests.TriangleGridTestsNG"/>
  <system-out/>
</testsuite> <!-- Selenium_test.Selenium_tests.TriangleGridTestsNG -->
