<?xml version="1.0" encoding="UTF-8"?>
<!-- Generated by org.testng.reporters.JUnitReportReporter -->
<testsuite skipped="0" hostname="DESKTOP-KSODPJ4" name="Selenium_test.Selenium_tests.TriangleGridTestsNGHub" tests="13" failures="0" timestamp="2022-06-12T13:46:24 GMT+07:00" time="128.170" errors="0">
  <testcase name="testn_1_1" time="7.708" classname="Selenium_test.Selenium_tests.TriangleGridTestsNGHub"/>
  <system-out/>
  <testcase name="testn_6" time="15.978" classname="Selenium_test.Selenium_tests.TriangleGridTestsNGHub"/>
  <system-out/>
  <testcase name="testn_7" time="7.442" classname="Selenium_test.Selenium_tests.TriangleGridTestsNGHub"/>
  <system-out/>
  <testcase name="testp_4" time="12.278" classname="Selenium_test.Selenium_tests.TriangleGridTestsNGHub"/>
  <system-out/>
  <testcase name="testn_4" time="7.633" classname="Selenium_test.Selenium_tests.TriangleGridTestsNGHub"/>
  <system-out/>
  <testcase name="testp_5" time="5.293" classname="Selenium_test.Selenium_tests.TriangleGridTestsNGHub"/>
  <system-out/>
  <testcase name="testn_5" time="16.033" classname="Selenium_test.Selenium_tests.TriangleGridTestsNGHub"/>
  <system-out/>
  <testcase name="testn_2" time="12.498" classname="Selenium_test.Selenium_tests.TriangleGridTestsNGHub"/>
  <system-out/>
  <testcase name="testp_1" time="5.275" classname="Selenium_test.Selenium_tests.TriangleGridTestsNGHub"/>
  <system-out/>
  <testcase name="testn_1" time="14.894" classname="Selenium_test.Selenium_tests.TriangleGridTestsNGHub"/>
  <system-out/>
  <testcase name="testn_3" time="5.636" classname="Selenium_test.Selenium_tests.TriangleGridTestsNGHub"/>
  <system-out/>
  <testcase name="testp_2" time="5.560" classname="Selenium_test.Selenium_tests.TriangleGridTestsNGHub"/>
  <system-out/>
  <testcase name="testp_3" time="11.942" classname="Selenium_test.Selenium_tests.TriangleGridTestsNGHub"/>
  <system-out/>
</testsuite> <!-- Selenium_test.Selenium_tests.TriangleGridTestsNGHub -->
